Exporting package recipe
grpc_server_example/0.0.1 exports_sources: Copied 1 '.txt' file: CMakeLists.txt
grpc_server_example/0.0.1 exports_sources: Copied 2 '.cpp' files: grpc_server_example.cpp, main.cpp
grpc_server_example/0.0.1 exports_sources: Copied 1 '.h' file: grpc_server_example.h
grpc_server_example/0.0.1 exports_sources: Copied 2 '.proto' files: address.proto, addressbook.proto
grpc_server_example/0.0.1: A new conanfile.py version was exported
grpc_server_example/0.0.1: Folder: /root/.conan/data/grpc_server_example/0.0.1/_/_/export
grpc_server_example/0.0.1: Exported revision: d4db67fc159a9079b50f65d8c6f8bc6c
Configuration (profile_host):
[settings]
arch=armv7hf
build_type=Release
compiler=gcc
compiler.libcxx=libstdc++11
compiler.version=7
os=Linux
[options]
[build_requires]
[env]

Configuration (profile_build):
[settings]
arch=x86_64
build_type=Release
compiler=gcc
compiler.libcxx=libstdc++11
compiler.version=8
os=Linux
[options]
[build_requires]
[env]

grpc/1.50.1: Not found in local cache, looking in remotes...
grpc/1.50.1: Trying with 'conancenter'...
Downloading conanmanifest.txt
Downloading conanfile.py
Downloading conan_export.tgz
grpc/1.50.1: Downloaded recipe revision 0
c-ares/1.18.1: Not found in local cache, looking in remotes...
c-ares/1.18.1: Trying with 'conancenter'...
Downloading conanmanifest.txt
Downloading conanfile.py
Downloading conan_export.tgz
c-ares/1.18.1: Downloaded recipe revision 0
openssl/1.1.1s: Not found in local cache, looking in remotes...
openssl/1.1.1s: Trying with 'conancenter'...
Downloading conanmanifest.txt
Downloading conanfile.py
Downloading conan_export.tgz
openssl/1.1.1s: Downloaded recipe revision 0
re2/20220601: Not found in local cache, looking in remotes...
re2/20220601: Trying with 'conancenter'...
Downloading conanmanifest.txt
Downloading conanfile.py
Downloading conan_export.tgz
re2/20220601: Downloaded recipe revision 0
zlib/1.2.13: Not found in local cache, looking in remotes...
zlib/1.2.13: Trying with 'conancenter'...
Downloading conanmanifest.txt
Downloading conanfile.py
Downloading conan_export.tgz
zlib/1.2.13: Downloaded recipe revision 0
protobuf/3.21.4: Not found in local cache, looking in remotes...
protobuf/3.21.4: Trying with 'conancenter'...
Downloading conanmanifest.txt
Downloading conanfile.py
Downloading conan_export.tgz
protobuf/3.21.4: Downloaded recipe revision 0
googleapis/cci.20220711: Not found in local cache, looking in remotes...
googleapis/cci.20220711: Trying with 'conancenter'...
Downloading conanmanifest.txt
Downloading conanfile.py
Downloading conan_export.tgz
googleapis/cci.20220711: Downloaded recipe revision 0
grpc-proto/cci.20220627: Not found in local cache, looking in remotes...
grpc-proto/cci.20220627: Trying with 'conancenter'...
Downloading conanmanifest.txt
Downloading conanfile.py
Downloading conan_export.tgz
grpc-proto/cci.20220627: Downloaded recipe revision 0
abseil/20220623.0: WARN: Package binary is corrupted, removing: 2e8c1350abc9ce34f79e94f77974fc12fff712fe
cmake/3.23.2: Not found in local cache, looking in remotes...
cmake/3.23.2: Trying with 'conancenter'...
Downloading conanmanifest.txt
Downloading conanfile.py
Downloading conan_export.tgz
cmake/3.23.2: Downloaded recipe revision 0
openssl/1.1.1q: Not found in local cache, looking in remotes...
openssl/1.1.1q: Trying with 'conancenter'...
Downloading conanmanifest.txt
Downloading conanfile.py
Downloading conan_export.tgz
openssl/1.1.1q: Downloaded recipe revision 0
cmake/3.25.1: Not found in local cache, looking in remotes...
cmake/3.25.1: Trying with 'conancenter'...
Downloading conanmanifest.txt
Downloading conanfile.py
Downloading conan_export.tgz
cmake/3.25.1: Downloaded recipe revision 0
ninja/1.11.1: Not found in local cache, looking in remotes...
ninja/1.11.1: Trying with 'conancenter'...
Downloading conanmanifest.txt
Downloading conanfile.py
Downloading conan_export.tgz
ninja/1.11.1: Downloaded recipe revision 0
ccache/4.6: Not found in local cache, looking in remotes...
ccache/4.6: Trying with 'conancenter'...
Downloading conanmanifest.txt
Downloading conanfile.py
Downloading conan_export.tgz
ccache/4.6: Downloaded recipe revision 0
zstd/1.5.2: Not found in local cache, looking in remotes...
zstd/1.5.2: Trying with 'conancenter'...
Downloading conanmanifest.txt
Downloading conanfile.py
Downloading conan_export.tgz
zstd/1.5.2: Downloaded recipe revision 0
hiredis/1.0.2: Not found in local cache, looking in remotes...
hiredis/1.0.2: Trying with 'conancenter'...
Downloading conanmanifest.txt
Downloading conanfile.py
Downloading conan_export.tgz
hiredis/1.0.2: Downloaded recipe revision 0
Installing package: grpc_server_example/0.0.1
Requirements
    abseil/20220623.0 from 'conancenter' - Cache
    c-ares/1.18.1 from 'conancenter' - Downloaded
    googleapis/cci.20220711 from 'conancenter' - Downloaded
    grpc/1.50.1 from 'conancenter' - Downloaded
    grpc-proto/cci.20220627 from 'conancenter' - Downloaded
    grpc_server_example/0.0.1 from local cache - Cache
    openssl/1.1.1s from 'conancenter' - Downloaded
    protobuf/3.21.4 from 'conancenter' - Downloaded
    re2/20220601 from 'conancenter' - Downloaded
    zlib/1.2.13 from 'conancenter' - Downloaded
Packages
    abseil/20220623.0:2e8c1350abc9ce34f79e94f77974fc12fff712fe - Build
    c-ares/1.18.1:03d7a16269ecb7f0a2ebc441395fa996acb82a30 - Build
    googleapis/cci.20220711:130f54bdc90d51b312688651ecdb38d27698a3d8 - Build
    grpc/1.50.1:300716e3c0573f80d1d3ddb42151e3f33645bec8 - Build
    grpc-proto/cci.20220627:a7a777aaf7fbb80eead3cefb6f93d9f6a2e651b9 - Build
    grpc_server_example/0.0.1:abe8b4c5ff4276b04e7ddf7c2ab96990046fbeb2 - Build
    openssl/1.1.1s:ef95b2a2795dd6cb7fdaf6af743b1ba1e9dd9e5c - Build
    protobuf/3.21.4:7bef791adb18ecb77f4a0fe411cf01d186982929 - Build
    re2/20220601:2e8c1350abc9ce34f79e94f77974fc12fff712fe - Build
    zlib/1.2.13:ef95b2a2795dd6cb7fdaf6af743b1ba1e9dd9e5c - Build
Build requirements
    abseil/20220623.0 from 'conancenter' - Cache
    c-ares/1.18.1 from 'conancenter' - Cache
    ccache/4.6 from 'conancenter' - Downloaded
    cmake/3.23.2 from 'conancenter' - Downloaded
    cmake/3.25.1 from 'conancenter' - Downloaded
    googleapis/cci.20220711 from 'conancenter' - Cache
    grpc/1.50.1 from 'conancenter' - Cache
    grpc-proto/cci.20220627 from 'conancenter' - Cache
    hiredis/1.0.2 from 'conancenter' - Downloaded
    ninja/1.11.1 from 'conancenter' - Downloaded
    openssl/1.1.1q from 'conancenter' - Downloaded
    openssl/1.1.1s from 'conancenter' - Cache
    protobuf/3.21.4 from 'conancenter' - Cache
    re2/20220601 from 'conancenter' - Cache
    zlib/1.2.13 from 'conancenter' - Cache
    zstd/1.5.2 from 'conancenter' - Downloaded
Build requirements packages
    abseil/20220623.0:56e0cf6d16ee57367a0661ab743f4e43b29223f8 - Download
    c-ares/1.18.1:78a2115d7ba630fa471953c3f8e6edd9683de09c - Download
    ccache/4.6:4e9a94dd29b7acfa5907f316bf127912ba258d11 - Download
    cmake/3.23.2:5c09c752508b674ca5cb1f2d327b5a2d582866c8 - Download
    cmake/3.25.1:5c09c752508b674ca5cb1f2d327b5a2d582866c8 - Download
    googleapis/cci.20220711:684850a96c506f2e76dabef28446e47e8cf7c615 - Download
    grpc/1.50.1:1f93b7a3ee8096a1776bcb4ea9c6da003134aae3 - Download
    grpc-proto/cci.20220627:7be282af2da273f77286e47136235223b189ef0c - Download
    hiredis/1.0.2:1d877a3df840030e6a8abb74c5ffb9088d08b47a - Download
    ninja/1.11.1:24647d9fe8ec489125dfbae4b3ebefaf7581674c - Download
    openssl/1.1.1q:1d877a3df840030e6a8abb74c5ffb9088d08b47a - Download
    openssl/1.1.1s:1d877a3df840030e6a8abb74c5ffb9088d08b47a - Download
    protobuf/3.21.4:c48dd120eb397783f2600c0083d3ffc0c35d3f13 - Download
    re2/20220601:56e0cf6d16ee57367a0661ab743f4e43b29223f8 - Download
    zlib/1.2.13:1d877a3df840030e6a8abb74c5ffb9088d08b47a - Download
    zstd/1.5.2:3b258fdc811e95a086ce28938b49155b5c0c91be - Download

Cross-build from 'Linux:x86_64' to 'Linux:armv7hf'
Installing (downloading, building) binaries...
abseil/20220623.0: Retrieving package 56e0cf6d16ee57367a0661ab743f4e43b29223f8 from remote 'conancenter' 
Downloading conanmanifest.txt
Downloading conaninfo.txt
Downloading conan_package.tgz
abseil/20220623.0: Package installed 56e0cf6d16ee57367a0661ab743f4e43b29223f8
abseil/20220623.0: Downloaded package revision 0
c-ares/1.18.1: Retrieving package 78a2115d7ba630fa471953c3f8e6edd9683de09c from remote 'conancenter' 
Downloading conanmanifest.txt
Downloading conaninfo.txt
Downloading conan_package.tgz
c-ares/1.18.1: Package installed 78a2115d7ba630fa471953c3f8e6edd9683de09c
c-ares/1.18.1: Downloaded package revision 0
hiredis/1.0.2: Retrieving package 1d877a3df840030e6a8abb74c5ffb9088d08b47a from remote 'conancenter' 
Downloading conanmanifest.txt
Downloading conaninfo.txt
Downloading conan_package.tgz
hiredis/1.0.2: Package installed 1d877a3df840030e6a8abb74c5ffb9088d08b47a
hiredis/1.0.2: Downloaded package revision 0
ninja/1.11.1: Retrieving package 24647d9fe8ec489125dfbae4b3ebefaf7581674c from remote 'conancenter' 
Downloading conanmanifest.txt
Downloading conaninfo.txt
Downloading conan_package.tgz
ninja/1.11.1: Package installed 24647d9fe8ec489125dfbae4b3ebefaf7581674c
ninja/1.11.1: Downloaded package revision 0
openssl/1.1.1q: Retrieving package 1d877a3df840030e6a8abb74c5ffb9088d08b47a from remote 'conancenter' 
Downloading conanmanifest.txt
Downloading conaninfo.txt
Downloading conan_package.tgz
openssl/1.1.1q: Package installed 1d877a3df840030e6a8abb74c5ffb9088d08b47a
openssl/1.1.1q: Downloaded package revision 0
openssl/1.1.1s: Retrieving package 1d877a3df840030e6a8abb74c5ffb9088d08b47a from remote 'conancenter' 
Downloading conanmanifest.txt
Downloading conaninfo.txt
Downloading conan_package.tgz
openssl/1.1.1s: Package installed 1d877a3df840030e6a8abb74c5ffb9088d08b47a
openssl/1.1.1s: Downloaded package revision 0
re2/20220601: Retrieving package 56e0cf6d16ee57367a0661ab743f4e43b29223f8 from remote 'conancenter' 
Downloading conanmanifest.txt
Downloading conaninfo.txt
Downloading conan_package.tgz
re2/20220601: Package installed 56e0cf6d16ee57367a0661ab743f4e43b29223f8
re2/20220601: Downloaded package revision 0
zlib/1.2.13: Retrieving package 1d877a3df840030e6a8abb74c5ffb9088d08b47a from remote 'conancenter' 
Downloading conanmanifest.txt
Downloading conaninfo.txt
Downloading conan_package.tgz
zlib/1.2.13: Package installed 1d877a3df840030e6a8abb74c5ffb9088d08b47a
zlib/1.2.13: Downloaded package revision 0
zstd/1.5.2: Retrieving package 3b258fdc811e95a086ce28938b49155b5c0c91be from remote 'conancenter' 
Downloading conanmanifest.txt
Downloading conaninfo.txt
Downloading conan_package.tgz
zstd/1.5.2: Package installed 3b258fdc811e95a086ce28938b49155b5c0c91be
zstd/1.5.2: Downloaded package revision 0
ccache/4.6: Retrieving package 4e9a94dd29b7acfa5907f316bf127912ba258d11 from remote 'conancenter' 
Downloading conanmanifest.txt
Downloading conaninfo.txt
Downloading conan_package.tgz
ccache/4.6: Package installed 4e9a94dd29b7acfa5907f316bf127912ba258d11
ccache/4.6: Downloaded package revision 0
cmake/3.23.2: Retrieving package 5c09c752508b674ca5cb1f2d327b5a2d582866c8 from remote 'conancenter' 
Downloading conanmanifest.txt
Downloading conaninfo.txt
Downloading conan_package.tgz
cmake/3.23.2: Package installed 5c09c752508b674ca5cb1f2d327b5a2d582866c8
cmake/3.23.2: Downloaded package revision 0
cmake/3.25.1: Retrieving package 5c09c752508b674ca5cb1f2d327b5a2d582866c8 from remote 'conancenter' 
Downloading conanmanifest.txt
Downloading conaninfo.txt
Downloading conan_package.tgz
cmake/3.25.1: Package installed 5c09c752508b674ca5cb1f2d327b5a2d582866c8
cmake/3.25.1: Downloaded package revision 0
protobuf/3.21.4: Retrieving package c48dd120eb397783f2600c0083d3ffc0c35d3f13 from remote 'conancenter' 
Downloading conanmanifest.txt
Downloading conaninfo.txt
Downloading conan_package.tgz
protobuf/3.21.4: Package installed c48dd120eb397783f2600c0083d3ffc0c35d3f13
protobuf/3.21.4: Downloaded package revision 0
googleapis/cci.20220711: Retrieving package 684850a96c506f2e76dabef28446e47e8cf7c615 from remote 'conancenter' 
Downloading conanmanifest.txt
Downloading conaninfo.txt
Downloading conan_package.tgz
googleapis/cci.20220711: Package installed 684850a96c506f2e76dabef28446e47e8cf7c615
googleapis/cci.20220711: Downloaded package revision 0
grpc-proto/cci.20220627: Retrieving package 7be282af2da273f77286e47136235223b189ef0c from remote 'conancenter' 
Downloading conanmanifest.txt
Downloading conaninfo.txt
Downloading conan_package.tgz
grpc-proto/cci.20220627: Package installed 7be282af2da273f77286e47136235223b189ef0c
grpc-proto/cci.20220627: Downloaded package revision 0
grpc/1.50.1: Retrieving package 1f93b7a3ee8096a1776bcb4ea9c6da003134aae3 from remote 'conancenter' 
Downloading conanmanifest.txt
Downloading conaninfo.txt
Downloading conan_package.tgz
grpc/1.50.1: Package installed 1f93b7a3ee8096a1776bcb4ea9c6da003134aae3
grpc/1.50.1: Downloaded package revision 0
abseil/20220623.0: WARN: Build folder is dirty, removing it: /root/.conan/data/abseil/20220623.0/_/_/build/2e8c1350abc9ce34f79e94f77974fc12fff712fe
abseil/20220623.0: Copying sources to build folder
abseil/20220623.0: Building your package in /root/.conan/data/abseil/20220623.0/_/_/build/2e8c1350abc9ce34f79e94f77974fc12fff712fe
abseil/20220623.0: Generator txt created conanbuildinfo.txt
abseil/20220623.0: Calling generate()
abseil/20220623.0: Preset 'release' added to CMakePresets.json. Invoke it manually using 'cmake --preset release'
abseil/20220623.0: If your CMake version is not compatible with CMakePresets (<3.19) call cmake like: 'cmake <path> -G "Unix Makefiles" -DCMAKE_TOOLCHAIN_FILE=/root/.conan/data/abseil/20220623.0/_/_/build/2e8c1350abc9ce34f79e94f77974fc12fff712fe/build/Release/generators/conan_toolchain.cmake -DCMAKE_POLICY_DEFAULT_CMP0067=NEW -DCMAKE_POLICY_DEFAULT_CMP0091=NEW -DCMAKE_BUILD_TYPE=Release'
abseil/20220623.0: Aggregating env generators
abseil/20220623.0: Calling build()
abseil/20220623.0: Apply patch (portability): Workaround bug in GCC 7.2
abseil/20220623.0: CMake command: cmake -G "Unix Makefiles" -DCMAKE_TOOLCHAIN_FILE="/root/.conan/data/abseil/20220623.0/_/_/build/2e8c1350abc9ce34f79e94f77974fc12fff712fe/build/Release/generators/conan_toolchain.cmake" -DCMAKE_INSTALL_PREFIX="/root/.conan/data/abseil/20220623.0/_/_/package/2e8c1350abc9ce34f79e94f77974fc12fff712fe" -DCMAKE_POLICY_DEFAULT_CMP0067="NEW" -DCMAKE_POLICY_DEFAULT_CMP0091="NEW" -DCMAKE_BUILD_TYPE="Release" "/root/.conan/data/abseil/20220623.0/_/_/build/2e8c1350abc9ce34f79e94f77974fc12fff712fe/src"
-- Using Conan toolchain: /root/.conan/data/abseil/20220623.0/_/_/build/2e8c1350abc9ce34f79e94f77974fc12fff712fe/build/Release/generators/conan_toolchain.cmake
-- Conan toolchain: Setting CMAKE_POSITION_INDEPENDENT_CODE=ON (options.fPIC)
-- Conan toolchain: Setting BUILD_SHARED_LIBS = OFF
-- The CXX compiler identification is GNU 10.2.1
-- Detecting CXX compiler ABI info
-- Detecting CXX compiler ABI info - done
-- Check for working CXX compiler: /usr/bin/c++ - skipped
-- Detecting CXX compile features
-- Detecting CXX compile features - done
-- Looking for C++ include pthread.h
-- Looking for C++ include pthread.h - found
-- Performing Test CMAKE_HAVE_LIBC_PTHREAD
-- Performing Test CMAKE_HAVE_LIBC_PTHREAD - Failed
-- Looking for pthread_create in pthreads
-- Looking for pthread_create in pthreads - not found
-- Looking for pthread_create in pthread
-- Looking for pthread_create in pthread - found
-- Found Threads: TRUE  
-- Performing Test USE_STD_STRING_VIEW
-- Performing Test USE_STD_STRING_VIEW - Failed
-- Performing Test USE_STD_ANY
-- Performing Test USE_STD_ANY - Failed
-- Performing Test USE_STD_OPTIONAL
-- Performing Test USE_STD_OPTIONAL - Failed
-- Performing Test USE_STD_VARIANT
-- Performing Test USE_STD_VARIANT - Failed
-- Configuring done
-- Generating done
-- Build files have been written to: /root/.conan/data/abseil/20220623.0/_/_/build/2e8c1350abc9ce34f79e94f77974fc12fff712fe/build/Release
abseil/20220623.0: CMake command: cmake --build "/root/.conan/data/abseil/20220623.0/_/_/build/2e8c1350abc9ce34f79e94f77974fc12fff712fe/build/Release" '--' '-j16'
Scanning dependencies of target log_severity
Scanning dependencies of target spinlock_wait
Scanning dependencies of target civil_time
Scanning dependencies of target strerror
Scanning dependencies of target exponential_biased
Scanning dependencies of target leak_check
Scanning dependencies of target int128
Scanning dependencies of target time_zone
Scanning dependencies of target random_seed_gen_exception
Scanning dependencies of target flags_commandlineflag_internal
Scanning dependencies of target random_internal_platform
[  1%] Building CXX object absl/numeric/CMakeFiles/int128.dir/int128.cc.o
[  2%] Building CXX object absl/base/CMakeFiles/log_severity.dir/log_severity.cc.o
[  2%] Building CXX object absl/base/CMakeFiles/strerror.dir/internal/strerror.cc.o
[  3%] Building CXX object absl/time/CMakeFiles/time_zone.dir/internal/cctz/src/time_zone_format.cc.o
[  3%] Building CXX object absl/time/CMakeFiles/time_zone.dir/internal/cctz/src/time_zone_if.cc.o
[  5%] Building CXX object absl/time/CMakeFiles/time_zone.dir/internal/cctz/src/time_zone_libc.cc.o
[  3%] Building CXX object absl/base/CMakeFiles/spinlock_wait.dir/internal/spinlock_wait.cc.o
[  4%] Building CXX object absl/flags/CMakeFiles/flags_commandlineflag_internal.dir/internal/commandlineflag.cc.o
[  5%] Building CXX object absl/profiling/CMakeFiles/exponential_biased.dir/internal/exponential_biased.cc.o
[  3%] Building CXX object absl/time/CMakeFiles/time_zone.dir/internal/cctz/src/time_zone_impl.cc.o
[  6%] Building CXX object absl/time/CMakeFiles/civil_time.dir/internal/cctz/src/civil_time_detail.cc.o
[  5%] Building CXX object absl/time/CMakeFiles/time_zone.dir/internal/cctz/src/time_zone_info.cc.o
[  7%] Building CXX object absl/debugging/CMakeFiles/leak_check.dir/leak_check.cc.o
[  8%] Building CXX object absl/time/CMakeFiles/time_zone.dir/internal/cctz/src/time_zone_fixed.cc.o
[  8%] Building CXX object absl/random/CMakeFiles/random_seed_gen_exception.dir/seed_gen_exception.cc.o
[  8%] Building CXX object absl/random/CMakeFiles/random_internal_platform.dir/internal/randen_round_keys.cc.o
[  9%] Linking CXX static library libabsl_flags_commandlineflag_internal.a
[  9%] Linking CXX static library libabsl_leak_check.a
[ 10%] Linking CXX static library libabsl_spinlock_wait.a
[ 10%] Built target flags_commandlineflag_internal
[ 11%] Linking CXX static library libabsl_random_internal_platform.a
[ 12%] Building CXX object absl/time/CMakeFiles/time_zone.dir/internal/cctz/src/time_zone_lookup.cc.o
[ 12%] Linking CXX static library libabsl_exponential_biased.a
[ 12%] Built target spinlock_wait
[ 12%] Built target random_internal_platform
[ 12%] Built target leak_check
Scanning dependencies of target random_internal_randen_slow
[ 12%] Building CXX object absl/time/CMakeFiles/time_zone.dir/internal/cctz/src/time_zone_posix.cc.o
Scanning dependencies of target random_internal_randen_hwaes_impl
[ 12%] Built target exponential_biased
[ 14%] Building CXX object absl/random/CMakeFiles/random_internal_randen_hwaes_impl.dir/internal/randen_hwaes.cc.o
[ 14%] Building CXX object absl/random/CMakeFiles/random_internal_randen_slow.dir/internal/randen_slow.cc.o
[ 15%] Linking CXX static library libabsl_random_seed_gen_exception.a
Scanning dependencies of target periodic_sampler
cc1plus: error: bad value (‘armv8-a+crypto’) for ‘-march=’ switch
cc1plus: note: valid arguments to ‘-march=’ switch are: nocona core2 nehalem corei7 westmere sandybridge corei7-avx ivybridge core-avx-i haswell core-avx2 broadwell skylake skylake-avx512 cannonlake icelake-client icelake-server cascadelake tigerlake cooperlake bonnell atom silvermont slm goldmont goldmont-plus tremont knl knm x86-64 x86-64-v2 x86-64-v3 x86-64-v4 eden-x2 nano nano-1000 nano-2000 nano-3000 nano-x2 eden-x4 nano-x4 k8 k8-sse3 opteron opteron-sse3 athlon64 athlon64-sse3 athlon-fx amdfam10 barcelona bdver1 bdver2 bdver3 bdver4 znver1 znver2 btver1 btver2 native
gmake[2]: *** [absl/random/CMakeFiles/random_internal_randen_hwaes_impl.dir/build.make:82: absl/random/CMakeFiles/random_internal_randen_hwaes_impl.dir/internal/randen_hwaes.cc.o] Error 1
[ 16%] Linking CXX static library libabsl_strerror.a
gmake[1]: *** [CMakeFiles/Makefile2:2139: absl/random/CMakeFiles/random_internal_randen_hwaes_impl.dir/all] Error 2
gmake[1]: *** Waiting for unfinished jobs....
[ 16%] Linking CXX static library libabsl_log_severity.a
[ 17%] Building CXX object absl/time/CMakeFiles/time_zone.dir/internal/cctz/src/zone_info_source.cc.o
[ 17%] Building CXX object absl/profiling/CMakeFiles/periodic_sampler.dir/internal/periodic_sampler.cc.o
[ 17%] Built target strerror
[ 17%] Built target random_seed_gen_exception
[ 17%] Built target log_severity
[ 18%] Linking CXX static library libabsl_periodic_sampler.a
[ 18%] Built target periodic_sampler
[ 18%] Linking CXX static library libabsl_civil_time.a
[ 18%] Linking CXX static library libabsl_int128.a
[ 18%] Built target civil_time
[ 18%] Built target int128
[ 18%] Linking CXX static library libabsl_random_internal_randen_slow.a
[ 18%] Built target random_internal_randen_slow
[ 19%] Linking CXX static library libabsl_time_zone.a
[ 19%] Built target time_zone
gmake: *** [Makefile:149: all] Error 2
abseil/20220623.0: 
abseil/20220623.0: ERROR: Package '2e8c1350abc9ce34f79e94f77974fc12fff712fe' build failed
abseil/20220623.0: WARN: Build folder /root/.conan/data/abseil/20220623.0/_/_/build/2e8c1350abc9ce34f79e94f77974fc12fff712fe/build/Release
ERROR: abseil/20220623.0: Error in build() method, line 102
	cmake.build()
	ConanException: Error 2 while executing cmake --build "/root/.conan/data/abseil/20220623.0/_/_/build/2e8c1350abc9ce34f79e94f77974fc12fff712fe/build/Release" '--' '-j16'
